2025-03-05 22:11:22,911 - INFO - Iniciando limpieza con 632952 registros
2025-03-05 22:11:30,191 - INFO - Limpieza completada. Registros eliminados: 0
2025-03-05 22:11:30,191 - INFO - Tiempo de limpieza: 7.28028 segundos
2025-03-05 22:11:32,817 - INFO - Validaciï¿½n completada en 2.62571 segundos
2025-03-05 22:17:16,164 - INFO - Iniciando limpieza con 632952 registros
2025-03-05 22:17:23,159 - INFO - Limpieza completada. Registros eliminados: 0
2025-03-05 22:17:23,159 - INFO - Tiempo de limpieza: 6.9953 segundos
2025-03-05 22:17:27,818 - INFO - Validaciï¿½n completada en 3.669831 segundos
2025-03-05 22:17:28,890 - INFO - Using categorical units to plot a list of strings that are all parsable as floats or dates. If these strings should be plotted as numbers, cast to the appropriate data type before plotting.
2025-03-05 22:17:28,909 - INFO - Using categorical units to plot a list of strings that are all parsable as floats or dates. If these strings should be plotted as numbers, cast to the appropriate data type before plotting.
2025-03-05 22:17:28,955 - INFO - Using categorical units to plot a list of strings that are all parsable as floats or dates. If these strings should be plotted as numbers, cast to the appropriate data type before plotting.
2025-03-05 22:17:28,969 - INFO - Using categorical units to plot a list of strings that are all parsable as floats or dates. If these strings should be plotted as numbers, cast to the appropriate data type before plotting.
2025-03-05 22:28:49,988 - INFO - Iniciando limpieza con 632952 registros
2025-03-05 22:28:57,138 - INFO - Limpieza completada. Registros eliminados: 0
2025-03-05 22:28:57,138 - INFO - Tiempo de limpieza: 7.150481 segundos
2025-03-05 22:29:00,542 - INFO - Validaciï¿½n completada en 2.509539 segundos
2025-03-05 22:29:01,624 - INFO - Using categorical units to plot a list of strings that are all parsable as floats or dates. If these strings should be plotted as numbers, cast to the appropriate data type before plotting.
2025-03-05 22:29:01,624 - INFO - Using categorical units to plot a list of strings that are all parsable as floats or dates. If these strings should be plotted as numbers, cast to the appropriate data type before plotting.
2025-03-05 22:29:01,640 - INFO - Using categorical units to plot a list of strings that are all parsable as floats or dates. If these strings should be plotted as numbers, cast to the appropriate data type before plotting.
2025-03-05 22:29:01,655 - INFO - Using categorical units to plot a list of strings that are all parsable as floats or dates. If these strings should be plotted as numbers, cast to the appropriate data type before plotting.
2025-03-05 22:40:25,196 - INFO - Iniciando limpieza con 632952 registros
2025-03-05 22:40:33,609 - INFO - Limpieza completada. Registros eliminados: 0
2025-03-05 22:40:33,609 - INFO - Tiempo de limpieza: 8.41303 segundos
2025-03-05 22:40:37,089 - INFO - Validaciï¿½n completada en 2.491782 segundos
2025-03-05 22:40:38,287 - INFO - Using categorical units to plot a list of strings that are all parsable as floats or dates. If these strings should be plotted as numbers, cast to the appropriate data type before plotting.
2025-03-05 22:40:38,303 - INFO - Using categorical units to plot a list of strings that are all parsable as floats or dates. If these strings should be plotted as numbers, cast to the appropriate data type before plotting.
2025-03-05 22:40:38,303 - INFO - Using categorical units to plot a list of strings that are all parsable as floats or dates. If these strings should be plotted as numbers, cast to the appropriate data type before plotting.
2025-03-05 22:40:38,318 - INFO - Using categorical units to plot a list of strings that are all parsable as floats or dates. If these strings should be plotted as numbers, cast to the appropriate data type before plotting.
2025-03-05 22:46:12,268 - INFO - Iniciando limpieza con 632952 registros
2025-03-05 22:46:19,440 - INFO - Limpieza completada. Registros eliminados: 0
2025-03-05 22:46:19,440 - INFO - Tiempo de limpieza: 7.171876 segundos
2025-03-05 22:46:22,878 - INFO - Validaciï¿½n completada en 2.50002 segundos
2025-03-05 22:46:23,971 - INFO - Using categorical units to plot a list of strings that are all parsable as floats or dates. If these strings should be plotted as numbers, cast to the appropriate data type before plotting.
2025-03-05 22:46:23,971 - INFO - Using categorical units to plot a list of strings that are all parsable as floats or dates. If these strings should be plotted as numbers, cast to the appropriate data type before plotting.
2025-03-05 22:46:23,987 - INFO - Using categorical units to plot a list of strings that are all parsable as floats or dates. If these strings should be plotted as numbers, cast to the appropriate data type before plotting.
2025-03-05 22:46:23,987 - INFO - Using categorical units to plot a list of strings that are all parsable as floats or dates. If these strings should be plotted as numbers, cast to the appropriate data type before plotting.
2025-03-05 22:52:48,191 - INFO - Iniciando limpieza con 632952 registros
2025-03-05 22:52:55,872 - INFO - Limpieza completada. Registros eliminados: 0
2025-03-05 22:52:55,872 - INFO - Tiempo de limpieza: 7.680248 segundos
2025-03-05 22:52:59,341 - INFO - Validaciï¿½n completada en 2.625897 segundos
2025-03-05 22:53:00,451 - INFO - Using categorical units to plot a list of strings that are all parsable as floats or dates. If these strings should be plotted as numbers, cast to the appropriate data type before plotting.
2025-03-05 22:53:00,451 - INFO - Using categorical units to plot a list of strings that are all parsable as floats or dates. If these strings should be plotted as numbers, cast to the appropriate data type before plotting.
2025-03-05 22:53:00,466 - INFO - Using categorical units to plot a list of strings that are all parsable as floats or dates. If these strings should be plotted as numbers, cast to the appropriate data type before plotting.
2025-03-05 22:53:00,466 - INFO - Using categorical units to plot a list of strings that are all parsable as floats or dates. If these strings should be plotted as numbers, cast to the appropriate data type before plotting.
2025-03-09 22:51:03,124 - INFO - Starting cleaning with 632952 records
2025-03-09 22:51:06,331 - INFO - Most common time interval detected: 0 days 00:05:00
2025-03-09 22:51:20,252 - INFO - Cleaning completed. Rows removed: -72
2025-03-09 22:51:20,253 - INFO - Cleaning time: 17.128016 seconds
2025-03-09 22:51:36,840 - INFO - Validaciï¿½n completada en 3.162033 segundos
2025-03-09 22:56:35,974 - INFO - Starting cleaning with 632952 records
2025-03-09 22:56:39,339 - INFO - Most common time interval detected: 0 days 00:05:00
2025-03-09 22:56:49,974 - INFO - Cleaning completed. Rows removed: -72
2025-03-09 22:56:49,974 - INFO - Cleaning time: 14.000012 seconds
2025-03-09 22:57:10,955 - INFO - Validaciï¿½n completada en 4.476996 segundos
2025-03-13 15:56:42,071 - INFO - Starting cleaning with 632952 records
2025-03-13 15:56:45,686 - INFO - Most common time interval detected: 0 days 00:05:00
2025-03-13 15:56:55,423 - INFO - Cleaning completed. Rows removed: -72
2025-03-13 15:56:55,423 - INFO - Cleaning time: 13.352408 seconds
2025-03-13 15:57:18,316 - INFO - Validaciï¿½n completada en 6.551751 segundos
2025-04-10 01:41:26,985 - INFO - Starting cleaning with 632952 records
2025-04-10 01:41:30,172 - INFO - Most common time interval detected: 0 days 00:05:00
2025-04-10 01:41:38,554 - INFO - Cleaning completed. Rows removed: -72
2025-04-10 01:41:38,554 - INFO - Cleaning time: 11.568958 seconds
2025-04-10 01:41:54,123 - INFO - Validaciï¿½n completada en 4.155494 segundos
2025-04-10 01:49:26,248 - INFO - Starting cleaning with 632952 records
2025-04-10 01:49:28,732 - ERROR - Execution error: name 'remove_empty_or_zero_columns' is not defined
2025-04-10 01:53:47,754 - INFO - Starting cleaning with 632952 records
2025-04-10 01:53:55,503 - INFO - Most common time interval detected: 0 days 00:05:00
2025-04-10 01:54:41,743 - INFO - Cleaning completed. Rows removed: 383
2025-04-10 01:54:41,743 - INFO - Cleaning time: 53.989186 seconds
2025-04-10 01:55:11,207 - INFO - Validaciï¿½n completada en 2.195 segundos
2025-04-10 02:11:52,406 - INFO - Starting cleaning with 632952 records
2025-04-10 02:12:00,052 - INFO - Most common time interval detected: 0 days 00:05:00
2025-04-10 02:12:46,048 - INFO - Cleaning completed. Rows removed: 383
2025-04-10 02:12:46,048 - INFO - Cleaning time: 53.641846 seconds
2025-04-10 02:15:50,732 - INFO - Validaciï¿½n completada en 2.593981 segundos
2025-04-10 02:48:11,366 - INFO - Inicio de limpieza con 632952 registros
2025-04-10 02:48:18,059 - INFO - Limpieza completada. Registros eliminados: 305877
2025-04-10 02:48:18,059 - INFO - Tiempo de limpieza: 6.693029 segundos
2025-04-10 02:49:14,908 - INFO - Dataset elï¿½ctrico limpio guardado en data/2107_electrical_data_cleaned.csv
2025-04-10 02:49:16,488 - INFO - Dataset de ambiente limpio guardado en data/2107_environment_data_cleaned.csv
2025-04-10 02:49:19,301 - INFO - Dataset de irradiancia limpio guardado en data/2107_irradiance_data_cleaned.csv
2025-04-10 03:04:36,328 - INFO - Inicio limpieza elï¿½ctrico: 632952 registros
2025-04-10 03:04:43,347 - INFO - Limpieza elï¿½ctrica completada: se eliminaron 305877 registros en 7.018996 segundos
2025-04-10 03:05:37,958 - ERROR - Execution error: 'DataCleaner' object has no attribute 'integrate_irradiance'
2025-04-10 03:12:40,685 - INFO - Inicio limpieza elï¿½ctrico: 632952 registros
2025-04-10 03:12:49,144 - INFO - Limpieza elï¿½ctrica completada: se eliminaron 305877 registros en 8.458575 segundos
2025-04-10 03:13:45,209 - ERROR - Execution error: 'DataCleaner' object has no attribute 'integrate_irradiance'
2025-04-10 03:17:02,860 - INFO - Inicio limpieza elï¿½ctrico: 632952 registros
2025-04-10 03:17:09,748 - INFO - Limpieza elï¿½ctrica completada: se eliminaron 305877 registros en 6.88773 segundos
2025-04-10 03:18:03,483 - ERROR - Execution error: 'DataCleaner' object has no attribute 'integrate_irradiance'
2025-04-10 03:25:41,785 - INFO - Inicio limpieza elï¿½ctrico: 632952 registros
2025-04-10 03:25:49,102 - INFO - Limpieza elï¿½ctrica completada: se eliminaron 305877 registros en 7.316609 segundos
2025-04-10 03:26:50,053 - ERROR - Execution error: plot_power_chart() got an unexpected keyword argument 'resample_freq'
2025-04-10 03:35:26,295 - INFO - Inicio limpieza elï¿½ctrico: 632952 registros
2025-04-10 03:35:35,590 - INFO - Limpieza elï¿½ctrica completada: se eliminaron 305877 registros en 9.29464 segundos
2025-04-10 03:37:30,300 - ERROR - Execution error: 'DataCleaner' object has no attribute 'integrate_irradiance'
2025-04-10 03:40:44,361 - INFO - Inicio limpieza elï¿½ctrico: 632952 registros
2025-04-10 03:40:51,573 - INFO - Limpieza elï¿½ctrica completada: se eliminaron 305877 registros en 7.21237 segundos
2025-04-10 03:42:24,780 - ERROR - Execution error: 'DataCleaner' object has no attribute 'integrate_irradiance'
2025-04-10 03:45:24,460 - INFO - Inicio limpieza elï¿½ctrico: 632952 registros
2025-04-10 03:45:32,895 - INFO - Limpieza elï¿½ctrica completada: se eliminaron 305877 registros en 8.435426 segundos
2025-04-10 03:46:27,045 - ERROR - Execution error: name 'plot_power_chart' is not defined
2025-04-10 09:18:50,254 - INFO - Inicio limpieza elï¿½ctrico: 632952 registros
2025-04-10 09:18:57,899 - INFO - Limpieza elï¿½ctrica completada: se eliminaron 305877 registros en 7.644726 segundos
2025-04-10 09:19:52,738 - INFO - Datos cargados y limpios al iniciar la API
2025-04-10 11:27:27,070 - INFO - Inicio limpieza elï¿½ctrico: 632952 registros
2025-04-10 11:27:34,436 - INFO - Limpieza elï¿½ctrica completada: se eliminaron 305877 registros en 7.366689 segundos
2025-04-10 11:28:29,383 - INFO - Datos cargados y limpios al iniciar la API
2025-04-10 11:32:43,558 - INFO - Inicio limpieza elï¿½ctrico: 632952 registros
2025-04-10 11:32:51,996 - INFO - Limpieza elï¿½ctrica completada: se eliminaron 305877 registros en 8.4371 segundos
2025-04-10 11:33:52,035 - INFO - Datos cargados y limpios al iniciar la API
2025-04-10 11:38:34,902 - INFO - Inicio limpieza elï¿½ctrico: 632952 registros
2025-04-10 11:38:42,001 - INFO - Limpieza elï¿½ctrica completada: se eliminaron 305877 registros en 7.099029 segundos
2025-04-10 11:39:40,845 - INFO - Datos cargados y limpios al iniciar la API
2025-04-10 11:39:46,749 - INFO - Cargando datos limpios existentes...
2025-04-10 11:40:00,186 - INFO - Inicio limpieza elï¿½ctrico: 327075 registros
2025-04-10 11:40:04,086 - INFO - Limpieza elï¿½ctrica completada: se eliminaron 0 registros en 3.884599 segundos
2025-04-10 11:40:25,129 - INFO - Cargando datos limpios existentes...
2025-04-10 11:40:28,795 - INFO - Datos cargados correctamente al iniciar la API
2025-04-10 11:41:35,561 - INFO - Cargando datos limpios existentes...
2025-04-10 11:41:39,794 - INFO - Inicio limpieza elï¿½ctrico: 74121 registros
2025-04-10 11:41:40,685 - INFO - Limpieza elï¿½ctrica completada: se eliminaron 0 registros en 0.890868 segundos
2025-04-10 11:41:56,505 - INFO - Datos cargados y limpios al iniciar la API
2025-04-10 11:43:40,225 - INFO - Inicio limpieza elï¿½ctrico: 632952 registros
2025-04-10 11:43:48,514 - INFO - Limpieza elï¿½ctrica completada: se eliminaron 305877 registros en 8.288629 segundos
2025-04-10 11:44:49,105 - INFO - Datos cargados y limpios al iniciar la API
2025-04-10 11:46:29,661 - INFO - Inicio limpieza elï¿½ctrico: 632952 registros
2025-04-10 11:46:38,401 - INFO - Limpieza elï¿½ctrica completada: se eliminaron 305877 registros en 8.740242 segundos
2025-04-10 11:47:25,170 - INFO - Datos cargados y limpios al iniciar la API
2025-04-10 11:53:43,701 - INFO - Inicio limpieza elï¿½ctrico: 632952 registros
2025-04-10 11:53:52,377 - INFO - Limpieza elï¿½ctrica completada: se eliminaron 305877 registros en 8.676723 segundos
2025-04-10 11:54:47,959 - INFO - Datos cargados y limpios al iniciar la API
2025-04-10 13:53:03,008 - INFO - Inicio limpieza elï¿½ctrico: 632952 registros
2025-04-10 13:53:11,726 - INFO - Limpieza elï¿½ctrica completada: se eliminaron 305877 registros en 8.718526 segundos
2025-04-10 13:54:15,753 - INFO - Datos cargados y limpios al iniciar la API
2025-04-10 14:05:05,157 - ERROR - Error generando resumen: Invalid format specifier '.2f if pr_val else 'N/A'' for object of type 'float'
2025-04-10 14:06:47,164 - ERROR - Error generando resumen: Invalid format specifier '.2f if pr_val else 'N/A'' for object of type 'float'
2025-04-10 14:09:02,054 - ERROR - Error generando resumen: Invalid format specifier '.2f if pr_val else 'N/A'' for object of type 'float'
2025-04-10 14:10:51,700 - ERROR - Error generando resumen: Invalid format specifier '.2f if pr_val else 'N/A'' for object of type 'float'
2025-04-10 14:21:20,582 - ERROR - Error generando resumen: Invalid format specifier '.2f if pr_val else 'N/A'' for object of type 'float'
2025-04-10 14:23:12,872 - ERROR - Error generando resumen: Invalid format specifier '.2f if pr_val else 'N/A'' for object of type 'float'
2025-04-10 14:24:53,547 - ERROR - Error generando resumen: Invalid format specifier '.2f if pr_val else 'N/A'' for object of type 'float'
2025-04-10 14:33:03,111 - ERROR - Error generando resumen: Invalid format specifier '.2f if pr_val else 'N/A'' for object of type 'float'
2025-04-10 14:34:59,283 - ERROR - Error generando resumen: Invalid format specifier '.2f if pr_val else 'N/A'' for object of type 'float'
2025-04-10 14:37:13,854 - ERROR - Error generando resumen: Invalid format specifier '.2f if pr_val else 'N/A'' for object of type 'float'
2025-04-10 14:42:24,182 - INFO - Inicio limpieza elï¿½ctrico: 632952 registros
2025-04-10 14:42:32,835 - INFO - Limpieza elï¿½ctrica completada: se eliminaron 305877 registros en 8.653227 segundos
2025-04-10 14:48:44,484 - INFO - Inicio limpieza elï¿½ctrico: 632952 registros
2025-04-10 14:48:51,843 - INFO - Limpieza elï¿½ctrica completada: se eliminaron 305877 registros en 7.358741 segundos
2025-04-10 14:49:53,796 - INFO - Datos cargados y limpios al iniciar la API
2025-04-10 14:51:10,553 - ERROR - Error generando resumen: Invalid format specifier '.2f if pr_val else 'N/A'' for object of type 'float'
2025-04-10 14:54:27,518 - INFO - Inicio limpieza elï¿½ctrico: 632952 registros
2025-04-10 14:54:36,266 - INFO - Limpieza elï¿½ctrica completada: se eliminaron 305216 registros en 8.75s
2025-04-10 14:55:27,166 - INFO - Datos cargados y limpios al iniciar la API
2025-04-10 14:56:51,167 - INFO - Inicio limpieza elï¿½ctrico: 632952 registros
2025-04-10 14:56:59,228 - INFO - Limpieza elï¿½ctrica completada: se eliminaron 305216 registros en 8.06s
2025-04-10 14:57:46,613 - INFO - Datos cargados y limpios al iniciar la API
2025-04-10 14:59:14,647 - INFO - Inicio limpieza elï¿½ctrico: 632952 registros
2025-04-10 14:59:23,357 - INFO - Limpieza elï¿½ctrica completada: se eliminaron 305216 registros en 8.71s
2025-04-10 15:00:47,437 - INFO - Datos cargados y limpios al iniciar la API
2025-04-10 15:02:01,227 - INFO - Inicio limpieza elï¿½ctrico: 632952 registros
2025-04-10 15:02:09,142 - INFO - Limpieza elï¿½ctrica completada: se eliminaron 305216 registros en 7.91s
2025-04-10 15:03:34,374 - INFO - Datos cargados y limpios al iniciar la API
2025-04-10 15:05:18,411 - ERROR - Error generando resumen: Invalid format specifier '.2f if pr_val else 'N/A'' for object of type 'float'
2025-04-10 15:08:01,022 - ERROR - Error generando resumen: Invalid format specifier '.2f if pr_val else 'N/A'' for object of type 'float'
2025-04-10 15:10:32,802 - ERROR - Error generando resumen: Invalid format specifier '.2f if pr_val else 'N/A'' for object of type 'float'
2025-04-10 15:10:33,442 - ERROR - Error generando resumen: Invalid format specifier '.2f if pr_val else 'N/A'' for object of type 'float'
2025-04-10 15:10:59,265 - ERROR - Error generando resumen: Invalid format specifier '.2f if pr_val else 'N/A'' for object of type 'float'
2025-04-10 15:11:16,920 - ERROR - Error generando resumen: Invalid format specifier '.2f if pr_val else 'N/A'' for object of type 'float'
2025-04-10 15:19:14,636 - INFO - Inicio limpieza eléctrico: 632952 registros
2025-04-10 15:19:24,490 - INFO - Limpieza eléctrica completada: se eliminaron 305216 registros en 9.85s
2025-04-10 15:21:15,293 - INFO - Datos cargados y limpios al iniciar la API
2025-04-10 15:26:06,537 - INFO - Inicio limpieza eléctrico: 632952 registros
2025-04-10 15:26:15,219 - INFO - Limpieza eléctrica completada: se eliminaron 305216 registros en 8.68s
2025-04-10 15:27:16,663 - INFO - Datos cargados y limpios al iniciar la API
2025-04-10 15:29:29,302 - INFO - Inicio limpieza eléctrico: 632952 registros
2025-04-10 15:29:39,611 - INFO - Limpieza eléctrica completada: se eliminaron 305216 registros en 10.31s
2025-04-10 15:30:40,277 - INFO - Datos cargados y limpios al iniciar la API
2025-04-10 15:33:57,179 - ERROR - Error generando resumen: Invalid format specifier '.2f if pr_val else 'N/A'' for object of type 'float'
2025-04-10 15:34:00,729 - ERROR - Error generando resumen: Invalid format specifier '.2f if pr_val else 'N/A'' for object of type 'float'
2025-04-10 15:34:37,700 - ERROR - Error generando resumen: Invalid format specifier '.2f if pr_val else 'N/A'' for object of type 'float'
2025-04-10 15:39:05,060 - ERROR - Error generando resumen: Invalid format specifier '.2f if pr_val else 'N/A'' for object of type 'float'
2025-04-10 15:41:06,933 - ERROR - Error generando resumen: Invalid format specifier '.2f if pr_val else 'N/A'' for object of type 'float'
2025-04-10 16:02:51,141 - INFO - Inicio limpieza eléctrico: 632952 registros
2025-04-10 16:02:59,237 - INFO - Limpieza eléctrica completada: se eliminaron 305216 registros en 8.10s
2025-04-10 16:03:52,870 - INFO - Datos cargados y limpios al iniciar la API
2025-04-10 16:05:15,337 - INFO - Inicio limpieza eléctrico: 632952 registros
2025-04-10 16:05:24,843 - INFO - Limpieza eléctrica completada: se eliminaron 305216 registros en 9.52s
2025-04-10 16:06:13,515 - INFO - Datos cargados y limpios al iniciar la API
2025-04-10 16:22:34,359 - INFO - Inicio limpieza eléctrico: 632952 registros
2025-04-10 16:22:42,208 - INFO - Limpieza eléctrica completada: se eliminaron 305216 registros en 7.85s
2025-04-10 16:23:36,236 - INFO - Datos cargados y limpios al iniciar la API
2025-04-10 17:11:57,744 - INFO - Datos eléctricos originales cargados; se limpiarán en startup
2025-04-10 17:11:58,909 - INFO - Datos ambientales originales cargados; se limpiarán en startup
2025-04-10 17:12:01,027 - INFO - Datos de irradiancia originales cargados; se limpiarán en startup
2025-04-10 17:12:01,027 - INFO - Inicio limpieza eléctrico: 632952 registros
2025-04-10 17:12:08,919 - INFO - Limpieza eléctrica completada: se eliminaron 305216 registros en 7.89s
2025-04-10 17:13:39,097 - INFO - Datos listos para la API
2025-04-10 17:25:17,596 - INFO - Datos eléctricos limpios cargados desde archivo existente
2025-04-10 17:25:18,668 - INFO - Datos ambientales limpios cargados desde archivo existente
2025-04-10 17:25:21,005 - INFO - Datos de irradiancia limpios cargados desde archivo existente
2025-04-10 17:25:21,005 - INFO - Datos listos para la API
2025-04-10 17:29:15,488 - INFO - Datos eléctricos limpios cargados desde archivo existente
2025-04-10 17:29:16,655 - INFO - Datos ambientales limpios cargados desde archivo existente
2025-04-10 17:29:19,157 - INFO - Datos de irradiancia limpios cargados desde archivo existente
2025-04-10 17:29:19,157 - INFO - Datos listos para la API
2025-04-10 17:32:25,258 - INFO - Inicio limpieza eléctrico: 632952 registros
2025-04-10 17:32:33,191 - INFO - Limpieza eléctrica completada: se eliminaron 305216 registros en 7.93s
2025-04-10 17:33:24,203 - INFO - Datos cargados y limpios al iniciar la API
2025-04-10 20:11:03,853 - INFO - Inicio limpieza eléctrico: 632952 registros
2025-04-10 20:11:11,858 - INFO - Limpieza eléctrica completada: se eliminaron 305216 registros en 8.00s
2025-04-10 20:12:02,122 - INFO - Datos cargados y limpios al iniciar la API
2025-04-10 20:23:13,210 - INFO - Inicio limpieza eléctrico: 632952 registros
2025-04-10 20:23:23,205 - INFO - Limpieza eléctrica completada: se eliminaron 305216 registros en 10.00s
2025-04-10 20:24:29,620 - INFO - Datos cargados y limpios al iniciar la API
2025-04-10 20:26:04,292 - INFO - Inicio limpieza eléctrico: 632952 registros
2025-04-10 20:26:13,551 - INFO - Limpieza eléctrica completada: se eliminaron 305216 registros en 9.26s
2025-04-10 20:27:17,225 - INFO - Datos cargados y limpios al iniciar la API
2025-04-10 20:39:31,023 - INFO - package: mysql.connector.plugins
2025-04-10 20:39:31,023 - INFO - plugin_name: mysql_native_password
2025-04-10 20:39:31,023 - INFO - AUTHENTICATION_PLUGIN_CLASS: MySQLNativePasswordAuthPlugin
2025-04-10 20:40:42,968 - INFO - Datos cargados desde la base de datos
2025-04-10 20:42:00,531 - INFO - package: mysql.connector.plugins
2025-04-10 20:42:00,531 - INFO - plugin_name: mysql_native_password
2025-04-10 20:42:00,531 - INFO - AUTHENTICATION_PLUGIN_CLASS: MySQLNativePasswordAuthPlugin
2025-04-10 20:43:02,594 - INFO - Datos cargados desde la base de datos
2025-04-10 20:43:02,594 - INFO - Datos cargados y limpios al iniciar la API
2025-04-10 20:49:40,287 - INFO - package: mysql.connector.plugins
2025-04-10 20:49:40,287 - INFO - plugin_name: mysql_native_password
2025-04-10 20:49:40,287 - INFO - AUTHENTICATION_PLUGIN_CLASS: MySQLNativePasswordAuthPlugin
2025-04-10 20:51:11,203 - INFO - Datos cargados desde la base de datos
2025-04-10 20:51:11,203 - INFO - Datos cargados y limpios al iniciar la API
2025-04-10 20:51:16,869 - INFO - package: mysql.connector.plugins
2025-04-10 20:51:16,870 - INFO - plugin_name: mysql_native_password
2025-04-10 20:51:16,872 - INFO - AUTHENTICATION_PLUGIN_CLASS: MySQLNativePasswordAuthPlugin
2025-04-10 20:52:32,222 - INFO - Datos cargados desde la base de datos
2025-04-10 20:52:32,222 - INFO - Datos cargados y limpios al iniciar la API
2025-04-10 20:54:53,594 - ERROR - Error al cargar datos desde MySQL: (mysql.connector.errors.InterfaceError) 2003: Can't connect to MySQL server on 'solar-db.c7g9example.us-east-1.rds.amazonaws.com:3306' (Errno 11001: getaddrinfo failed)
(Background on this error at: https://sqlalche.me/e/20/rvf5)
2025-04-10 20:54:53,594 - INFO - Datos cargados y limpios al iniciar la API
2025-04-10 20:55:17,022 - ERROR - Error al cargar datos desde MySQL: (mysql.connector.errors.InterfaceError) 2003: Can't connect to MySQL server on 'solar-db.c7g9example.us-east-1.rds.amazonaws.com:3306' (Errno 11001: getaddrinfo failed)
(Background on this error at: https://sqlalche.me/e/20/rvf5)
2025-04-10 20:55:17,022 - INFO - Datos cargados y limpios al iniciar la API
2025-04-10 20:56:12,917 - ERROR - Error al cargar datos desde MySQL: (mysql.connector.errors.ConnectionTimeoutError) 2003: Can't connect to MySQL server on 'database-monitor-solar.c388c6akq1gk.us-east-2.rds.amazonaws.com:3306' (Errno 10060: Se produjo un error durante el intento de conexión ya que la parte conectada no respondió adecuadamente tras un periodo de tiempo, o bien se produjo un error en la conexión establecida ya que el host conectado no ha podido responder)
(Background on this error at: https://sqlalche.me/e/20/dbapi)
2025-04-10 20:56:12,917 - INFO - Datos cargados y limpios al iniciar la API
2025-04-10 21:15:19,857 - INFO - package: mysql.connector.plugins
2025-04-10 21:15:19,857 - INFO - plugin_name: mysql_native_password
2025-04-10 21:15:19,857 - INFO - AUTHENTICATION_PLUGIN_CLASS: MySQLNativePasswordAuthPlugin
2025-04-10 21:15:21,904 - ERROR - Error al cargar datos desde MySQL: (mysql.connector.errors.ProgrammingError) 1146 (42S02): Table 'solar_data.environment_data' doesn't exist
[SQL: SELECT * FROM environment_data]
(Background on this error at: https://sqlalche.me/e/20/f405)
2025-04-10 21:15:21,904 - INFO - Datos cargados y limpios al iniciar la API
2025-04-11 05:20:44,112 - INFO - package: mysql.connector.plugins
2025-04-11 05:20:44,112 - INFO - plugin_name: mysql_native_password
2025-04-11 05:20:44,129 - INFO - AUTHENTICATION_PLUGIN_CLASS: MySQLNativePasswordAuthPlugin
2025-04-10 23:23:33,084 - INFO - Datos cargados desde la base de datos
2025-04-10 23:23:33,084 - INFO - Datos cargados y limpios al iniciar la API
